2026-03-12 19:38:34  새 글 추가: test-sync.md
2026-03-12 19:38:35  푸시 실패:
fatal: could not read Username for 'https://github.com': No such device or address

2026-03-12 19:40:01  변경 사항 없음
2026-03-12 19:40:01  변경 사항 없음
2026-03-12 19:45:01  새 글 추가: 테스트용 게시글.md
2026-03-12 19:45:01  새 글 추가: 테스트용 게시글.md
2026-03-12 19:45:02  커밋 & 푸시 완료: 2026-03-12 19:45 New post added
2026-03-12 19:45:02  커밋 & 푸시 완료: 2026-03-12 19:45 New post added
2026-03-12 19:50:01  새 글 추가: test post.md
2026-03-12 19:50:01  새 글 추가: test post.md
2026-03-12 19:50:03  커밋 & 푸시 완료: 2026-03-12 19:50 New post added
2026-03-12 19:50:03  커밋 & 푸시 완료: 2026-03-12 19:50 New post added
2026-03-12 19:55:01  변경 사항 없음
2026-03-12 19:55:01  변경 사항 없음
2026-03-12 20:00:01  이미지 누락: C:\Users\ints\Documents\blog_posts\assets\vdot.png (in test post.md)
2026-03-12 20:00:01  이미지 누락: C:\Users\ints\Documents\blog_posts\assets\vdot.png (in test post.md)
2026-03-12 20:00:01  본문 갱신: test post.md
2026-03-12 20:00:01  본문 갱신: test post.md
2026-03-12 20:00:03  커밋 & 푸시 완료: 2026-03-12 20:00 New post added
2026-03-12 20:00:03  커밋 & 푸시 완료: 2026-03-12 20:00 New post added
2026-03-12 20:05:01  이미지 누락: C:\Users\ints\Documents\blog_posts\assets\vdot.png (in test post.md)
2026-03-12 20:05:01  이미지 누락: C:\Users\ints\Documents\blog_posts\assets\vdot.png (in test post.md)
2026-03-12 20:05:01  본문 갱신: test post.md
2026-03-12 20:05:01  본문 갱신: test post.md
2026-03-12 20:05:02  커밋 & 푸시 완료: 2026-03-12 20:05 New post added
2026-03-12 20:05:02  커밋 & 푸시 완료: 2026-03-12 20:05 New post added
2026-03-12 20:10:01  이미지 복사: vdot.png -> src/assets/images/vdot.png
2026-03-12 20:10:01  이미지 복사: vdot.png -> src/assets/images/vdot.png
2026-03-12 20:10:01  본문 갱신: test post.md
2026-03-12 20:10:01  본문 갱신: test post.md
2026-03-12 20:10:03  커밋 & 푸시 완료: 2026-03-12 20:10 New post added
2026-03-12 20:10:03  커밋 & 푸시 완료: 2026-03-12 20:10 New post added
2026-03-12 20:15:01  새 글 추가: 테스트용 게시글.md
2026-03-12 20:15:01  새 글 추가: 테스트용 게시글.md
